This file contains any messages produced by compilers while
running configure, to aid debugging if configure makes a mistake.

It was created by configure, which was
generated by GNU Autoconf 2.61.  Invocation command line was

  $ ./configure 

## --------- ##
## Platform. ##
## --------- ##

hostname = ParasoftUK1
uname -m = i686
uname -r = 1.7.35(0.287/5/3)
uname -s = CYGWIN_NT-6.3-WOW
uname -v = 2015-03-04 12:07

/usr/bin/uname -p = unknown
/bin/uname -X     = unknown

/bin/arch              = i686
/usr/bin/arch -k       = unknown
/usr/convex/getsysinfo = unknown
/usr/bin/hostinfo      = unknown
/bin/machine           = unknown
/usr/bin/oslevel       = unknown
/bin/universe          = unknown

PATH: /cygdrive/v/tibco/tibrv/8.4/bin
PATH: /cygdrive/c/ProgramData/Oracle/Java/javapath
PATH: /cygdrive/c/Program Files (x86)/Intel/iCLS Client
PATH: /cygdrive/c/Program Files/Intel/iCLS Client
PATH: /cygdrive/c/WINDOWS/system32
PATH: /cygdrive/c/WINDOWS
PATH: /cygdrive/c/WINDOWS/System32/Wbem
PATH: /cygdrive/c/WINDOWS/System32/WindowsPowerShell/v1.0
PATH: /cygdrive/c/Program Files/Intel/Intel(R) Management Engine Components/DAL
PATH: /cygdrive/c/Program Files/Intel/Intel(R) Management Engine Components/IPT
PATH: /cygdrive/c/Program Files (x86)/Intel/Intel(R) Management Engine Components/DAL
PATH: /cygdrive/c/Program Files (x86)/Intel/Intel(R) Management Engine Components/IPT
PATH: /cygdrive/c/Program Files (x86)/Intel/OpenCL SDK/2.0/bin/x86
PATH: /cygdrive/c/Program Files (x86)/Intel/OpenCL SDK/2.0/bin/x64
PATH: /cygdrive/c/Program Files/ThinkPad/Bluetooth Software
PATH: /cygdrive/c/Program Files/ThinkPad/Bluetooth Software/syswow64
PATH: /cygdrive/c/ProgramData/Lenovo/ReadyApps
PATH: /cygdrive/c/Program Files (x86)/Common Files/lenovo/easyplussdk/bin
PATH: /cygdrive/c/Program Files (x86)/Lenovo/Password Manager
PATH: /cygdrive/c/MsmqJava64/MsmqJava64.dll
PATH: /cygdrive/c/Program Files/TortoiseSVN/bin
PATH: /cygdrive/c/Program Files/SlikSvn/bin
PATH: /cygdrive/c/MsmqJava64
PATH: /cygdrive/c/Program Files/Perforce
PATH: /cygdrive/c/Program Files/MySQL/MySQL Server 5.5/bin
PATH: /cygdrive/c/Program Files (x86)/VisualSVN/bin
PATH: /cygdrive/v/apache-ant-1.9.4-bin/apache-ant-1.9.4/bin
PATH: /cygdrive/v/Parasoft/cpptest
PATH: /usr/bin
PATH: /cygdrive/v/Program Files/Parasoft/C++test/9.5
PATH: /cygdrive/v/apache-maven-3.2.5/bin
PATH: /cygdrive/v/Program Files (x86)/Git/cmd
PATH: /cygdrive/c/Program Files/cURL/bin
PATH: /cygdrive/v/apache-maven-3.2.5/bin
PATH: /cygdrive/v/Parasoft/dottest
PATH: /cygdrive/c/Program Files/Perforce/Server


## ----------- ##
## Core tests. ##
## ----------- ##

configure:1609: checking whether make sets $(MAKE)
configure:1630: result: yes
configure:1797: creating ./config.status

## ---------------------- ##
## Running config.status. ##
## ---------------------- ##

This file was extended by config.status, which was
generated by GNU Autoconf 2.61.  Invocation command line was

  CONFIG_FILES    = 
  CONFIG_HEADERS  = 
  CONFIG_LINKS    = 
  CONFIG_COMMANDS = 
  $ ./config.status 

on ParasoftUK1

config.status:566: creating Makefile
configure:2728: === configuring in lib (/cygdrive/v/projects/gperf-3.0.4/lib)
configure:2831: running /bin/sh ./configure '--prefix=/usr/local'  --cache-file=/dev/null --srcdir=.
configure:2728: === configuring in src (/cygdrive/v/projects/gperf-3.0.4/src)
configure:2831: running /bin/sh ./configure '--prefix=/usr/local'  --cache-file=/dev/null --srcdir=.
configure:2728: === configuring in tests (/cygdrive/v/projects/gperf-3.0.4/tests)
configure:2831: running /bin/sh ./configure '--prefix=/usr/local'  --cache-file=/dev/null --srcdir=.
configure:2728: === configuring in doc (/cygdrive/v/projects/gperf-3.0.4/doc)
configure:2831: running /bin/sh ./configure '--prefix=/usr/local'  --cache-file=/dev/null --srcdir=.

## ---------------- ##
## Cache variables. ##
## ---------------- ##

ac_cv_env_build_alias_set=
ac_cv_env_build_alias_value=
ac_cv_env_host_alias_set=
ac_cv_env_host_alias_value=
ac_cv_env_target_alias_set=
ac_cv_env_target_alias_value=
ac_cv_prog_make_make_set=yes

## ----------------- ##
## Output variables. ##
## ----------------- ##

bindir='${exec_prefix}/bin'
build_alias=''
datadir='${datarootdir}'
datarootdir='${prefix}/share'
DEFS='-DPACKAGE_NAME=\"\" -DPACKAGE_TARNAME=\"\" -DPACKAGE_VERSION=\"\" -DPACKAGE_STRING=\"\" -DPACKAGE_BUGREPORT=\"\"'
docdir='${datarootdir}/doc/${PACKAGE}'
dvidir='${docdir}'
ECHO_C=''
ECHO_N='-n'
ECHO_T=''
exec_prefix='${prefix}'
host_alias=''
htmldir='${docdir}'
includedir='${prefix}/include'
infodir='${datarootdir}/info'
libdir='${exec_prefix}/lib'
libexecdir='${exec_prefix}/libexec'
LIBOBJS=''
LIBS=''
localedir='${datarootdir}/locale'
localstatedir='${prefix}/var'
LTLIBOBJS=''
mandir='${datarootdir}/man'
oldincludedir='/usr/include'
PACKAGE_BUGREPORT=''
PACKAGE_NAME=''
PACKAGE_STRING=''
PACKAGE_TARNAME=''
PACKAGE_VERSION=''
PATH_SEPARATOR=':'
pdfdir='${docdir}'
prefix='/usr/local'
program_transform_name='s,x,x,'
psdir='${docdir}'
sbindir='${exec_prefix}/sbin'
SET_MAKE=''
sharedstatedir='${prefix}/com'
SHELL='/bin/sh'
subdirs=' lib src tests doc'
sysconfdir='${prefix}/etc'
target_alias=''

## ----------- ##
## confdefs.h. ##
## ----------- ##

#define PACKAGE_NAME ""
#define PACKAGE_TARNAME ""
#define PACKAGE_VERSION ""
#define PACKAGE_STRING ""
#define PACKAGE_BUGREPORT ""

configure: exit 0
